<?xml version="1.0" encoding="UTF-8"?>
<!-- Generated by org.testng.reporters.JUnitReportReporter -->
<testsuite skipped="0" hostname="Abhishek1-PC" name="saurav.test.Demo1" tests="2" failures="0" timestamp="02 Feb 2019 10:17:44 GMT" time="8.602" errors="0">
  <testcase name="f" time="0.010" classname="saurav.test.Demo1"/>
  <testcase name="verifyHomepageTitle" time="8.592" classname="saurav.test.Demo1"/>
</testsuite> <!-- saurav.test.Demo1 -->
